\BOOKMARK [0][]{CAPA.0}{CAPA}{}% 1
\BOOKMARK [0][]{VERSO.0}{VERSO}{}% 2
\BOOKMARK [0][]{FOLHA DE ROSTO.0}{FOLHA\040DE\040ROSTO}{}% 3
\BOOKMARK [0][]{.0}{TERMOS\040DE\040USO}{}% 4
\BOOKMARK [0][]{nomeepigrafe.0}{EPÍGRAFE}{}% 5
\BOOKMARK [0][]{nomededicatoria.0}{DEDICATÓRIA}{}% 6
\BOOKMARK [0][]{nomethank.0}{AGRADECIMENTOS}{}% 7
\BOOKMARK [0][]{nomeresumo.0}{RESUMO}{}% 8
\BOOKMARK [0][]{listfigurename.0}{LISTA\040DE\040FIGURAS}{}% 9
\BOOKMARK [0][]{listtablename.0}{LISTA\040DE\040TABELAS}{}% 10
\BOOKMARK [0][]{nomeabreviaturasesiglas.0}{LISTA\040DE\040ABREVIATURAS\040E\040SIGLAS}{}% 11
\BOOKMARK [0][]{contentsname.0}{SUMÁRIO}{}% 12
\BOOKMARK [0][]{chapter.1}{1 Parte I - Preparação}{}% 13
\BOOKMARK [1][]{section.1.1}{1.1 Introdução}{chapter.1}% 14
\BOOKMARK [1][]{section.1.2}{1.2\040Objetivos}{chapter.1}% 15
\BOOKMARK [1][]{section.1.3}{1.3 Estrutura e Organização do Documento}{chapter.1}% 16
\BOOKMARK [1][]{section.1.4}{1.4 Preparação do Ambiente}{chapter.1}% 17
\BOOKMARK [2][]{subsection.1.4.1}{1.4.1\040Escolhendo\040e\040instalando\040o\040compilador}{section.1.4}% 18
\BOOKMARK [0][]{chapter.2}{2\040Parte\040II\040-\040Entendendo\040o\040LaTeX}{}% 19
\BOOKMARK [1][]{section.2.1}{2.1 Introdução ao LaTeX}{chapter.2}% 20
\BOOKMARK [2][]{subsection.2.1.1}{2.1.1 Caracteres e símbolos especiais}{section.2.1}% 21
\BOOKMARK [2][]{subsection.2.1.2}{2.1.2\040Acentos}{section.2.1}% 22
\BOOKMARK [2][]{subsection.2.1.3}{2.1.3\040Tipos,\040tamanhos\040e\040estilos\040de\040letras}{section.2.1}% 23
\BOOKMARK [2][]{subsection.2.1.4}{2.1.4 Títulos e seções}{section.2.1}% 24
\BOOKMARK [2][]{subsection.2.1.5}{2.1.5\040Cores\040e\040Paletas\040de\040Cores}{section.2.1}% 25
\BOOKMARK [2][]{subsection.2.1.6}{2.1.6\040Medidas}{section.2.1}% 26
\BOOKMARK [2][]{subsection.2.1.7}{2.1.7 Parágrafos}{section.2.1}% 27
\BOOKMARK [2][]{subsection.2.1.8}{2.1.8 Notas de rodapé}{section.2.1}% 28
\BOOKMARK [2][]{subsection.2.1.9}{2.1.9\040Listas}{section.2.1}% 29
\BOOKMARK [2][]{subsection.2.1.10}{2.1.10\040Figuras}{section.2.1}% 30
\BOOKMARK [2][]{subsection.2.1.11}{2.1.11 Matemática e equações}{section.2.1}% 31
\BOOKMARK [2][]{subsection.2.1.12}{2.1.12\040Tabelas}{section.2.1}% 32
\BOOKMARK [2][]{subsection.2.1.13}{2.1.13 Ferramentas de revisão}{section.2.1}% 33
\BOOKMARK [2][]{subsection.2.1.14}{2.1.14\040Outros\040ambientes}{section.2.1}% 34
\BOOKMARK [2][]{subsection.2.1.15}{2.1.15 Citações e Referências}{section.2.1}% 35
\BOOKMARK [1][]{section.2.2}{2.2 Uma Seção}{chapter.2}% 36
\BOOKMARK [2][]{subsection.2.2.1}{2.2.1\040Macros}{section.2.2}% 37
\BOOKMARK [2][]{subsection.2.2.2}{2.2.2\040Editores}{section.2.2}% 38
\BOOKMARK [1][]{section.2.3}{2.3 Exercícios}{chapter.2}% 39
\BOOKMARK [0][]{chapter.3}{3\040Parte\040III\040-\040Estilo\040do\040INPE}{}% 40
\BOOKMARK [1][]{section.3.1}{3.1 Estilo do INPE para Dissertações e Teses}{chapter.3}% 41
\BOOKMARK [2][]{subsection.3.1.1}{3.1.1 Estrutura e Organização}{section.3.1}% 42
\BOOKMARK [2][]{subsection.3.1.2}{3.1.2 Compilação do Documento}{section.3.1}% 43
\BOOKMARK [2][]{subsection.3.1.3}{3.1.3 Arquivos de Configuração}{section.3.1}% 44
\BOOKMARK [2][]{subsection.3.1.4}{3.1.4 Inserção de Figuras e Tabelas}{section.3.1}% 45
\BOOKMARK [2][]{subsection.3.1.5}{3.1.5 Inserção de Citações e Referências}{section.3.1}% 46
\BOOKMARK [2][]{subsection.3.1.6}{3.1.6 Orientações Especiais}{section.3.1}% 47
\BOOKMARK [0][]{chapter.4}{4 Parte IV - Apresentações e Pôsteres}{}% 48
\BOOKMARK [1][]{section.4.1}{4.1\040Pacote\040Beamer}{chapter.4}% 49
\BOOKMARK [2][]{subsection.4.1.1}{4.1.1\040Estilos}{section.4.1}% 50
\BOOKMARK [2][]{subsection.4.1.2}{4.1.2\040Ambientes\040especiais}{section.4.1}% 51
\BOOKMARK [2][]{subsection.4.1.3}{4.1.3 Transições e Animações}{section.4.1}% 52
\BOOKMARK [0][]{anexo.a}{ ANEXO A - RESPOSTAS DOS EXERCÍCIOS}{}% 53
\BOOKMARK [0][]{anexo.b}{ ANEXO B - MATEMÁTICA E OUTROS SÍMBOLOS}{}% 54
\BOOKMARK [0][]{anexo.A}{ APÊNDICE A - PACOTES UTILIZADOS}{}% 55
\BOOKMARK [0][]{anexo.B}{ APÊNDICE B - OPÇÔES AVANÇADAS DE COMPILAÇÂO}{}% 56
