\BOOKMARK [0][]{CAPA.0}{CAPA}{}% 1
\BOOKMARK [0][]{VERSO.0}{VERSO}{}% 2
\BOOKMARK [0][]{FOLHA DE ROSTO.0}{FOLHA\040DE\040ROSTO}{}% 3
\BOOKMARK [0][]{.0}{TERMOS\040DE\040USO}{}% 4
\BOOKMARK [0][]{nomeepigrafe.0}{EPÍGRAFE}{}% 5
\BOOKMARK [0][]{nomededicatoria.0}{DEDICATÓRIA}{}% 6
\BOOKMARK [0][]{nomethank.0}{AGRADECIMENTOS}{}% 7
\BOOKMARK [0][]{nomeresumo.0}{RESUMO}{}% 8
\BOOKMARK [0][]{nomeabstract.0}{ABSTRACT}{}% 9
\BOOKMARK [0][]{listfigurename.0}{LISTA\040DE\040FIGURAS}{}% 10
\BOOKMARK [0][]{listtablename.0}{LISTA\040DE\040TABELAS}{}% 11
\BOOKMARK [0][]{contentsname.0}{SUMÁRIO}{}% 12
\BOOKMARK [0][]{chapter.1}{1 Parte I - Preparação}{}% 13
\BOOKMARK [1][]{section.1.1}{1.1 Introdução}{chapter.1}% 14
\BOOKMARK [1][]{section.1.2}{1.2\040Objetivos}{chapter.1}% 15
\BOOKMARK [1][]{section.1.3}{1.3 Estrutura e Organização do Documento}{chapter.1}% 16
\BOOKMARK [1][]{section.1.4}{1.4 Preparação do Ambiente}{chapter.1}% 17
\BOOKMARK [2][]{subsection.1.4.1}{1.4.1\040Escolhendo\040e\040instalando\040o\040compilador}{section.1.4}% 18
\BOOKMARK [0][]{chapter.2}{2\040Parte\040II\040-\040Entendendo\040o\040LaTeX}{}% 19
\BOOKMARK [1][]{section.2.1}{2.1 Introdução ao LaTeX}{chapter.2}% 20
\BOOKMARK [2][]{subsection.2.1.1}{2.1.1 Caracteres e símbolos especiais}{section.2.1}% 21
\BOOKMARK [2][]{subsection.2.1.2}{2.1.2\040Acentos}{section.2.1}% 22
\BOOKMARK [2][]{subsection.2.1.3}{2.1.3\040Tipos,\040tamanhos\040e\040estilos\040de\040letras}{section.2.1}% 23
\BOOKMARK [2][]{subsection.2.1.4}{2.1.4 Títulos e seções}{section.2.1}% 24
\BOOKMARK [2][]{subsection.2.1.5}{2.1.5\040Cores\040e\040Paletas\040de\040Cores}{section.2.1}% 25
\BOOKMARK [2][]{subsection.2.1.6}{2.1.6\040Medidas}{section.2.1}% 26
\BOOKMARK [2][]{subsection.2.1.7}{2.1.7 Parágrafos}{section.2.1}% 27
\BOOKMARK [2][]{subsection.2.1.8}{2.1.8\040Figuras}{section.2.1}% 28
\BOOKMARK [2][]{subsection.2.1.9}{2.1.9\040Formatos\040de\040Figuras}{section.2.1}% 29
\BOOKMARK [2][]{subsection.2.1.10}{2.1.10 Matemática e equações}{section.2.1}% 30
\BOOKMARK [2][]{subsection.2.1.11}{2.1.11\040Tabelas}{section.2.1}% 31
\BOOKMARK [2][]{subsection.2.1.12}{2.1.12\040Outros\040ambientes}{section.2.1}% 32
